# JRE version: OpenJDK Runtime Environment Corretto-18.0.2.9.1 (18.0.2+9) (build 18.0.2+9-FR)
# Java VM: OpenJDK 64-Bit Server VM Corretto-18.0.2.9.1 (18.0.2+9-FR, mixed mode, sharing, tiered, compressed oops, compressed class ptrs, g1 gc, windows-amd64)
GC Precious Log:
 CardTable entry size: 512
 Card Set container configuration: InlinePtr #cards 5 size 8 Array Of Cards #cards 12 size 40 Howl #buckets 4 coarsen threshold 1843 Howl Bitmap #cards 512 size 80 coarsen threshold 460 Card regions per heap region 1 cards per card region 2048
 CPUs: 8 total, 8 available
 Memory: 8059M
 Large Page Support: Disabled
 NUMA Support: Disabled
 Compressed Oops: Enabled (32-bit)
 Heap Region Size: 1M
 Heap Min Capacity: 8M
 Heap Initial Capacity: 126M
 Heap Max Capacity: 2016M
 Pre-touch: Disabled
 Parallel Workers: 8
 Concurrent Workers: 2
 Concurrent Refinement Workers: 8
 Periodic GC: Disabled
Heap:
 garbage-first heap   total 169984K, used 81633K [0x0000000082000000, 0x0000000100000000)
  region size 1024K, 4 young (4096K), 4 survivors (4096K)
 Metaspace       used 31433K, committed 31744K, reserved 1114112K
  class space    used 3041K, committed 3200K, reserved 1048576K
GC Heap History (20 events):
Event: 4095.833 GC heap after
{Heap after GC invocations=38 (full 0):
 garbage-first heap   total 140288K, used 68324K [0x0000000082000000, 0x0000000100000000)
  region size 1024K, 6 young (6144K), 6 survivors (6144K)
 Metaspace       used 31135K, committed 31424K, reserved 1114112K
  class space    used 3041K, committed 3200K, reserved 1048576K
}
Event: 4096.180 GC heap before
{Heap before GC invocations=39 (full 0):
 garbage-first heap   total 140288K, used 108260K [0x0000000082000000, 0x0000000100000000)
  region size 1024K, 53 young (54272K), 6 survivors (6144K)
 Metaspace       used 31166K, committed 31488K, reserved 1114112K
  class space    used 3041K, committed 3200K, reserved 1048576K
}
Event: 4096.187 GC heap after
{Heap after GC invocations=40 (full 0):
 garbage-first heap   total 140288K, used 62104K [0x0000000082000000, 0x0000000100000000)
  region size 1024K, 6 young (6144K), 6 survivors (6144K)
 Metaspace       used 31166K, committed 31488K, reserved 1114112K
  class space    used 3041K, committed 3200K, reserved 1048576K
}
Event: 4096.188 GC heap before
{Heap before GC invocations=40 (full 0):
 garbage-first heap   total 140288K, used 63128K [0x0000000082000000, 0x0000000100000000)
  region size 1024K, 7 young (7168K), 6 survivors (6144K)
 Metaspace       used 31166K, committed 31488K, reserved 1114112K
  class space    used 3041K, committed 3200K, reserved 1048576K
}
Event: 4096.198 GC heap after
{Heap after GC invocations=41 (full 0):
 garbage-first heap   total 168960K, used 60910K [0x0000000082000000, 0x0000000100000000)
  region size 1024K, 1 young (1024K), 1 survivors (1024K)
 Metaspace       used 31166K, committed 31488K, reserved 1114112K
  class space    used 3041K, committed 3200K, reserved 1048576K
}
Event: 4096.799 GC heap before
{Heap before GC invocations=41 (full 0):
 garbage-first heap   total 168960K, used 137710K [0x0000000082000000, 0x0000000100000000)
  region size 1024K, 67 young (68608K), 1 survivors (1024K)
 Metaspace       used 31207K, committed 31488K, reserved 1114112K
  class space    used 3041K, committed 3200K, reserved 1048576K
}
Event: 4096.802 GC heap after
{Heap after GC invocations=42 (full 0):
 garbage-first heap   total 168960K, used 75260K [0x0000000082000000, 0x0000000100000000)
  region size 1024K, 4 young (4096K), 4 survivors (4096K)
 Metaspace       used 31207K, committed 31488K, reserved 1114112K
  class space    used 3041K, committed 3200K, reserved 1048576K
}
Event: 4096.828 GC heap before
{Heap before GC invocations=42 (full 0):
 garbage-first heap   total 168960K, used 83452K [0x0000000082000000, 0x0000000100000000)
  region size 1024K, 5 young (5120K), 4 survivors (4096K)
 Metaspace       used 31207K, committed 31488K, reserved 1114112K
  class space    used 3041K, committed 3200K, reserved 1048576K
}
Event: 4096.833 GC heap after
{Heap after GC invocations=43 (full 0):
 garbage-first heap   total 168960K, used 82750K [0x0000000082000000, 0x0000000100000000)
  region size 1024K, 3 young (3072K), 3 survivors (3072K)
 Metaspace       used 31207K, committed 31488K, reserved 1114112K
  class space    used 3041K, committed 3200K, reserved 1048576K
}
Event: 4413.944 GC heap before
{Heap before GC invocations=44 (full 0):
 garbage-first heap   total 168960K, used 140094K [0x0000000082000000, 0x0000000100000000)
  region size 1024K, 62 young (63488K), 3 survivors (3072K)
 Metaspace       used 31338K, committed 31616K, reserved 1114112K
  class space    used 3041K, committed 3200K, reserved 1048576K
}
Event: 4413.995 GC heap after
{Heap after GC invocations=45 (full 0):
 garbage-first heap   total 168960K, used 74203K [0x0000000082000000, 0x0000000100000000)
  region size 1024K, 5 young (5120K), 5 survivors (5120K)
 Metaspace       used 31338K, committed 31616K, reserved 1114112K
  class space    used 3041K, committed 3200K, reserved 1048576K
}
Event: 4414.025 GC heap before
{Heap before GC invocations=45 (full 0):
 garbage-first heap   total 168960K, used 77275K [0x0000000082000000, 0x0000000100000000)
  region size 1024K, 8 young (8192K), 5 survivors (5120K)
 Metaspace       used 31338K, committed 31616K, reserved 1114112K
  class space    used 3041K, committed 3200K, reserved 1048576K
}
Event: 4414.047 GC heap after
{Heap after GC invocations=46 (full 0):
 garbage-first heap   total 168960K, used 68774K [0x0000000082000000, 0x0000000100000000)
  region size 1024K, 1 young (1024K), 1 survivors (1024K)
 Metaspace       used 31338K, committed 31616K, reserved 1114112K
  class space    used 3041K, committed 3200K, reserved 1048576K
}
Event: 4414.096 GC heap before
{Heap before GC invocations=46 (full 0):
 garbage-first heap   total 168960K, used 70822K [0x0000000082000000, 0x0000000100000000)
  region size 1024K, 4 young (4096K), 1 survivors (1024K)
 Metaspace       used 31347K, committed 31616K, reserved 1114112K
  class space    used 3041K, committed 3200K, reserved 1048576K
}
Event: 4414.109 GC heap after
{Heap after GC invocations=47 (full 0):
 garbage-first heap   total 168960K, used 68679K [0x0000000082000000, 0x0000000100000000)
  region size 1024K, 1 young (1024K), 1 survivors (1024K)
 Metaspace       used 31347K, committed 31616K, reserved 1114112K
  class space    used 3041K, committed 3200K, reserved 1048576K
}
Event: 4473.604 GC heap before
{Heap before GC invocations=48 (full 0):
 garbage-first heap   total 168960K, used 164935K [0x0000000082000000, 0x0000000100000000)
  region size 1024K, 69 young (70656K), 1 survivors (1024K)
 Metaspace       used 31406K, committed 31680K, reserved 1114112K
  class space    used 3041K, committed 3200K, reserved 1048576K
}
Event: 4473.623 GC heap after
{Heap after GC invocations=49 (full 0):
 garbage-first heap   total 169984K, used 98523K [0x0000000082000000, 0x0000000100000000)
  region size 1024K, 4 young (4096K), 4 survivors (4096K)
 Metaspace       used 31406K, committed 31680K, reserved 1114112K
  class space    used 3041K, committed 3200K, reserved 1048576K
}
Event: 4473.661 GC heap before
{Heap before GC invocations=49 (full 0):
 garbage-first heap   total 169984K, used 102619K [0x0000000082000000, 0x0000000100000000)
  region size 1024K, 8 young (8192K), 4 survivors (4096K)
 Metaspace       used 31407K, committed 31680K, reserved 1114112K
  class space    used 3041K, committed 3200K, reserved 1048576K
}
Event: 4473.668 GC heap after
{Heap after GC invocations=50 (full 0):
 garbage-first heap   total 169984K, used 78250K [0x0000000082000000, 0x0000000100000000)
  region size 1024K, 1 young (1024K), 1 survivors (1024K)
 Metaspace       used 31407K, committed 31680K, reserved 1114112K
  class space    used 3041K, committed 3200K, reserved 1048576K
}
Event: 4474.142 GC heap before
{Heap before GC invocations=50 (full 0):
 garbage-first heap   total 169984K, used 139690K [0x0000000082000000, 0x0000000100000000)
  region size 1024K, 62 young (63488K), 1 survivors (1024K)
 Metaspace       used 31433K, committed 31744K, reserved 1114112K
  class space    used 3041K, committed 3200K, reserved 1048576K
}

